2025-02-02 13:37:00,589 - INFO - Processing video: 5 - ＂Princess＂ video process
2025-02-02 13:40:17,571 - INFO - Processing video: 7 - Understanding Highlights and Shadows on Mockups - Graphic Design
2025-02-02 13:40:51,195 - INFO - Processing video: 7 - How to Make a 3D Logo Mockup With Black Wall using Photoshop
2025-02-02 13:41:35,945 - INFO - Processing video: 5 - Call of duty poster ｜ Photoshop Manipulation Speed Art Tutorial
2025-02-02 13:43:28,110 - INFO - Processing video: 6 - Learning the basics of drawing in Photoshop
2025-02-02 13:52:35,201 - INFO - Processing video: 2 - Photoshop Essentials： Digital Painting Crash Course with Lane Brown
2025-02-02 13:55:42,498 - INFO - Processing video: 5 - How to Create a Magazine Cover in Photoshop
2025-02-02 13:57:56,781 - INFO - Processing video: 3 - How to Make Winning Magazine Article Design？
2025-02-02 14:52:09,949 - INFO - Processing video: 2 - Creating a Neon Assassin in Photoshop ｜ Cyberpunk Photo Manipulation Speed Art
2025-02-02 14:55:12,297 - INFO - Processing video: 2 - Create a REALISTIC CHROME TEXT Effect in Photoshop 3D [Easy-To-Follow Tutorial]
2025-02-02 14:59:20,269 - INFO - Processing video: 1 - Turn PHOTOS Into COMIC BOOK Style Graphics (Photoshop Tutorial) ©2024
2025-02-02 15:03:21,834 - INFO - Processing video: 1 - 3D Type stack ｜ Introduction to 3D in Adobe Photoshop ｜ Part 2
2025-02-02 15:07:45,489 - INFO - Processing video: 3 - Mastering Photoshop in 2024 Made Easy 2
2025-02-02 15:08:11,495 - INFO - Processing video: 7 - Advanced 3D Typography Effects PART 1 Photoshop CC (How to Create Amazing Text with Mixer Brush)
2025-02-02 15:10:14,515 - INFO - Processing video: 3 - Mastering Photoshop in 2024 Made Easy 3
2025-02-02 15:10:44,300 - INFO - Processing video: 1 - Digital Painting in Photoshop Course Sneak Peek - Guiding the Eye using Light & Shadow
2025-02-02 15:16:00,066 - INFO - Processing video: 6 - Photorealistic Leather Cutting 3D Logo Mockup Tutorial in Adobe Photoshop
2025-02-02 15:22:00,021 - INFO - Processing video: 5 - The Secret to Creating a Realistic Mockup! - Photoshop Tutorial
2025-02-02 15:34:00,725 - INFO - Processing video: 4 - How to Change Eye Color-Advanced Photoshop Tutorial
2025-02-02 15:34:23,348 - INFO - Processing video: 2 - Advanced Photoshop for Everyone ｜ FREE COURSE
2025-02-02 15:44:15,237 - INFO - Processing video: 6 - Product Packaging Design Tutorial  [ PHOTOSHOP TUTORIAL ] in Hindi
2025-02-02 15:45:05,578 - INFO - Processing video: 2 - My 6 Steps to Digital Painting
2025-02-02 15:47:40,688 - INFO - Processing video: 1 - Car Mockup Photoshop in Adobe Photoshop.
2025-02-02 15:50:32,058 - INFO - Processing video: 7 - How to Design and Color Creative Faces Step-by-Step
2025-02-02 15:52:03,922 - INFO - Processing video: 1 - The Best Way to Add Special Effects to Your Photo Manipulations ｜ Photoshop Tutorial ｜ Optics
2025-02-02 15:54:05,300 - INFO - Processing video: 2 - Brighten Eyes+Action-Advanced Photoshop Tutorial
2025-02-02 15:55:54,121 - INFO - Processing video: 7 - How to Create 3D Packaging Design Mockup in Photoshop ｜ Tutorial
2025-02-02 15:56:15,760 - INFO - Processing video: 3 - Mastering Photoshop in 2024 Made Easy
2025-02-02 15:56:41,037 - INFO - Processing video: 1 - Cyberpunk Cityscape ｜ Photoshop Timelapse ｜ Sci-fi Concept Art
2025-02-02 15:59:19,537 - INFO - Processing video: 3 - Create a NEON UTOPIA in PHOTOSHOP - GuideRunner EP7 Photo Manipulation
2025-02-02 16:01:20,028 - INFO - Processing video: 4 - How to Create Mockups with Complex 3D Shapes! - Photoshop Tutorial
2025-02-02 16:03:23,169 - INFO - Processing video: 4 - How to design a stunning social media post in Photoshop
2025-02-02 16:05:05,555 - INFO - Processing video: 4 - Epic City Photo Manipulation Speed Art ｜ Photoshop Tutorial
2025-02-02 16:05:05,562 - ERROR - Could not open video file: /Users/studu/Desktop/Photoshop/4 - Epic City Photo Manipulation Speed Art ｜ Photoshop Tutorial.mp4
2025-02-02 16:05:05,562 - INFO - Processing video: 6 - How to create this amazing GLOW Effect in Photoshop
2025-02-02 16:05:55,504 - INFO - Processing video: 1 - 10 Photoshop Features Every Graphic Designer Should Know
2025-02-02 16:11:23,605 - INFO - Processing video: 1 - Photoshop and Illustrator Digital Painting Workflow
2025-02-02 16:13:59,794 - INFO - Processing video: 2 - How To Download and Use The Famous 3D WALL LOGO MOCKUP in Photoshop
2025-02-02 16:15:18,218 - INFO - Processing video: 4 - MY COMPLETE DIGITAL PAINTING PROCESS
2025-02-02 16:16:53,521 - INFO - Processing video: 5 - How To Create Realistic Product Mockups in Photoshop (Full Tutorial)
2025-02-02 16:18:44,940 - INFO - Processing video: 4 - How to Change Eye Color-Advanced Photoshop Tutorial 2
2025-02-02 16:19:13,303 - INFO - Processing video: 2 - Making an EPIC Sci-Fi scene in Photoshop [Step by Step tutorial]
2025-02-02 16:22:53,380 - INFO - Processing video: 4 - Drawing a Likeness
2025-02-02 16:26:59,128 - INFO - Processing video: 4 - How to Change Eye Color-Advanced Photoshop Tutorial 3
2025-02-02 16:27:27,067 - INFO - Processing video: 3 - EASY Photo Effect that ANYONE can do ｜ Photoshop Editing Tutorial for Beginners
2025-02-02 16:28:33,124 - INFO - Processing video: 6 - China Secrets ｜ Advanced Photoshop Manipulation
2025-02-02 16:30:35,239 - INFO - Processing video: 2 - Compositing Techniques To Make Better Merch Designs (Photoshop Tutorial)
2025-02-02 16:31:17,006 - INFO - Processing video: 7 - YOUR 2024 Beginner Guide to Photoshop for Digital Painting ｜ Starting Digital Art in Photoshop
2025-02-02 16:33:59,279 - INFO - Processing video: 5 - Packaging Design for Beginners： How to Create a Simple Box in InDesign
2025-02-02 16:35:27,857 - INFO - Processing video: 4 - Compositing in Adobe Photoshop with Aaron Nace from Phlearn - 1 of 2 ｜ Adobe Creative Cloud
2025-02-02 16:51:06,573 - INFO - Processing video: 5 - Drawing Clear Expressions Sneak Peek
2025-02-02 16:53:06,830 - INFO - Processing video: 4 - Dispersion Effect ~ Photoshop Tutorial
2025-02-02 16:53:49,284 - INFO - Processing video: 6 - Photoshop Tutorial - 3D text effect
2025-02-02 16:54:52,034 - INFO - Processing video: 5 - Glow Effect - Best Photoshop Tutorial ｜ Glowing Effect
2025-02-02 16:56:08,434 - INFO - Processing video: 1 - Advanced Photoshop Techniques ｜ FREE COURSE
2025-02-02 17:02:40,365 - INFO - Processing video: 2 - How to Create a Sparkle Effect Photoshop Action
2025-02-02 17:03:38,968 - INFO - Processing video: 4 - TOTAL WAR ｜ Photoshop Speed Art!
2025-02-02 17:06:42,255 - INFO - Processing video: 2 - Advanced Digital Painting Techniques in Photoshop ｜ Yash ｜ KGF
2025-02-02 17:07:55,761 - INFO - Processing video: 1 - How to create SPECIAL EFFECTS in Photoshop ｜ VFX
2025-02-02 17:11:40,804 - INFO - Processing video: 4 - How to Design a Poster in Photoshop
2025-02-02 17:13:13,332 - INFO - Processing video: 3 - ⚡Graphic Design Trends in 2023 That will change EVERYTHING⚡
2025-02-02 17:14:49,391 - INFO - Processing video: 2 - Brighten Eyes+Action-Advanced Photoshop Tutorial 3
2025-02-02 17:16:38,111 - INFO - Processing video: 6 - Photoshop Tutorial： How to Design an ORIGAMI Text Logo!
2025-02-02 17:17:23,120 - INFO - Processing video: 6 - How to make logo in photoshop ｜ Photoshop Logo Design Tutorial
2025-02-02 17:17:50,189 - INFO - Processing video: 3 - How to Design And Mockup 3D Logo In Photoshop ｜ Free logo mockups download
2025-02-02 17:18:16,030 - INFO - Processing video: 4 - Modeling & Painting Process - Piano
2025-02-02 17:19:29,190 - INFO - Processing video: 2 - Brighten Eyes+Action-Advanced Photoshop Tutorial 2
2025-02-02 17:21:16,201 - INFO - Processing video: 5 - PHOTOSHOP TUTORIAL ｜ How to Create A Japanese Branding Package
2025-02-02 17:23:15,325 - INFO - Processing video: 8 - THE BEGINNER'S GUIDE TO DIGITAL ART (from an art teacher)
2025-02-02 17:25:03,759 - INFO - Processing video: 5 - How to Make Business Cards in Adobe Photoshop
2025-02-02 17:27:53,956 - INFO - Processing video: 3 - Packaging Design Tutorial in Adobe Illustrator and Adobe Photoshop
2025-02-02 17:28:30,074 - INFO - Processing video: 3 - Photoshop painting process - Jewel
2025-02-02 17:28:59,425 - INFO - Processing video: 4 - Advanced lighting techniques for Blender ｜ How to create a realistic product mockup in Blender
2025-02-02 17:34:10,990 - INFO - Processing video: 1 - Photoshop Essentials： Digital Painting Crash Course with Lane Brown
2025-02-02 20:55:31,499 - INFO - Processing video: 2 - How to Stylize a Magazine Cover in Photoshop
2025-02-02 20:57:11,364 - INFO - Processing video: 3 - Creating a Monster Hunt in Photoshop ｜ Photo Manipulation Speed Art
2025-02-02 20:59:22,706 - INFO - Processing video: 2 - How to design product label design in photoshop
2025-02-02 21:29:30,608 - INFO - Processing video: 6 - PHOTOSHOP TUTORIAL ｜ How to Create a Complete Brand Design
2025-02-02 21:32:41,761 - INFO - Processing video: 3 - Photoshop Tutorial： Sport AD⧸Wallpaper Design Poster
2025-02-02 21:35:34,061 - INFO - Processing video: 1 - Photoshop Advanced Tutorial 3
2025-02-02 23:04:06,703 - INFO - Processing video: 3 - The Most Realistic Way to Place Design on T-Shirt! - Photoshop Tutorial
2025-02-02 23:06:10,375 - INFO - Processing video: 1 - Photoshop Advanced Tutorial
2025-02-02 23:31:07,978 - INFO - Processing video: 1 - Adobe Dimension Tutorial ｜ 3D Mockups for Beginners
2025-02-02 23:32:27,987 - INFO - Processing video: 3 - A Basic Introduction to Illustration in Photoshop with Aaron Blaise (Great Tutorial for Beginners)
2025-02-02 23:40:22,045 - INFO - Processing video: 4 - Package Design Process ｜ Step by Step Product Packaging Design
2025-02-02 23:41:37,532 - INFO - Processing video: 1 - Photoshop Advanced Tutorial 2
2025-02-03 00:07:54,264 - INFO - Dataset created and saved as 'video_tool_usage_dataset.csv'
